D:\Ra152-2015\aadsp2\Projekat\ProcessWavFile\Debug\ProcessWavFile.exe
D:\Ra152-2015\aadsp2\Projekat\ProcessWavFile\Debug\ProcessWavFile.ilk
D:\Ra152-2015\aadsp2\Projekat\ProcessWavFile\Debug\ProcessWavFile.pdb
D:\Ra152-2015\aadsp2\Projekat\ProcessWavFile\ProcessWavFile\Debug\cl.command.1.tlog
D:\Ra152-2015\aadsp2\Projekat\ProcessWavFile\ProcessWavFile\Debug\CL.read.1.tlog
D:\Ra152-2015\aadsp2\Projekat\ProcessWavFile\ProcessWavFile\Debug\CL.write.1.tlog
D:\Ra152-2015\aadsp2\Projekat\ProcessWavFile\ProcessWavFile\Debug\link.3180.read.1.tlog
D:\Ra152-2015\aadsp2\Projekat\ProcessWavFile\ProcessWavFile\Debug\link.3180.write.1.tlog
D:\Ra152-2015\aadsp2\Projekat\ProcessWavFile\ProcessWavFile\Debug\link.3180-cvtres.read.1.tlog
D:\Ra152-2015\aadsp2\Projekat\ProcessWavFile\ProcessWavFile\Debug\link.3180-cvtres.write.1.tlog
D:\Ra152-2015\aadsp2\Projekat\ProcessWavFile\ProcessWavFile\Debug\link.4728.read.1.tlog
D:\Ra152-2015\aadsp2\Projekat\ProcessWavFile\ProcessWavFile\Debug\link.4728.write.1.tlog
D:\Ra152-2015\aadsp2\Projekat\ProcessWavFile\ProcessWavFile\Debug\link.4728-cvtres.read.1.tlog
D:\Ra152-2015\aadsp2\Projekat\ProcessWavFile\ProcessWavFile\Debug\link.4728-cvtres.write.1.tlog
D:\Ra152-2015\aadsp2\Projekat\ProcessWavFile\ProcessWavFile\Debug\link.command.1.tlog
D:\Ra152-2015\aadsp2\Projekat\ProcessWavFile\ProcessWavFile\Debug\link.read.1.tlog
D:\Ra152-2015\aadsp2\Projekat\ProcessWavFile\ProcessWavFile\Debug\link.write.1.tlog
D:\Ra152-2015\aadsp2\Projekat\ProcessWavFile\ProcessWavFile\Debug\link-cvtres.read.1.tlog
D:\Ra152-2015\aadsp2\Projekat\ProcessWavFile\ProcessWavFile\Debug\link-cvtres.write.1.tlog
D:\Ra152-2015\aadsp2\Projekat\ProcessWavFile\ProcessWavFile\Debug\mt.command.1.tlog
D:\Ra152-2015\aadsp2\Projekat\ProcessWavFile\ProcessWavFile\Debug\mt.read.1.tlog
D:\Ra152-2015\aadsp2\Projekat\ProcessWavFile\ProcessWavFile\Debug\mt.write.1.tlog
D:\Ra152-2015\aadsp2\Projekat\ProcessWavFile\ProcessWavFile\Debug\ProcessWavFile.exe.embed.manifest
D:\Ra152-2015\aadsp2\Projekat\ProcessWavFile\ProcessWavFile\Debug\ProcessWavFile.exe.embed.manifest.res
D:\Ra152-2015\aadsp2\Projekat\ProcessWavFile\ProcessWavFile\Debug\ProcessWavFile.exe.intermediate.manifest
D:\Ra152-2015\aadsp2\Projekat\ProcessWavFile\ProcessWavFile\Debug\ProcessWavFile.vcxprojResolveAssemblyReference.cache
D:\Ra152-2015\aadsp2\Projekat\ProcessWavFile\ProcessWavFile\Debug\ProcessWavFile.write.1.tlog
D:\Ra152-2015\aadsp2\Projekat\ProcessWavFile\ProcessWavFile\Debug\ProcessWavFile_manifest.rc
D:\Ra152-2015\aadsp2\Projekat\ProcessWavFile\ProcessWavFile\Debug\rc.command.1.tlog
D:\Ra152-2015\aadsp2\Projekat\ProcessWavFile\ProcessWavFile\Debug\rc.read.1.tlog
D:\Ra152-2015\aadsp2\Projekat\ProcessWavFile\ProcessWavFile\Debug\rc.write.1.tlog
D:\RA152-2015\AADSP2\PROJEKAT\PROCESSWAVFILE\PROCESSWAVFILE\DEBUG\TREMOLO1.OBJ
D:\Ra152-2015\aadsp2\Projekat\ProcessWavFile\ProcessWavFile\Debug\vc100.idb
D:\RA152-2015\AADSP2\PROJEKAT\PROCESSWAVFILE\PROCESSWAVFILE\DEBUG\VC100.PDB
D:\RA152-2015\AADSP2\PROJEKAT\PROCESSWAVFILE\PROCESSWAVFILE\DEBUG\WAVHEADER.OBJ
D:\STUDENTI\RA152-2015\PROJEKAT\PROCESSWAVFILE\DEBUG\PROCESSWAVFILE.EXE
D:\STUDENTI\RA152-2015\PROJEKAT\PROCESSWAVFILE\DEBUG\PROCESSWAVFILE.ILK
D:\STUDENTI\RA152-2015\PROJEKAT\PROCESSWAVFILE\DEBUG\PROCESSWAVFILE.PDB
D:\STUDENTI\RA152-2015\PROJEKAT\PROCESSWAVFILE\PROCESSWAVFILE\DEBUG\MAIN.OBJ
D:\STUDENTI\RA152-2015\PROJEKAT\PROCESSWAVFILE\PROCESSWAVFILE\DEBUG\PROCESSWAVFILE.EXE.EMBED.MANIFEST
D:\STUDENTI\RA152-2015\PROJEKAT\PROCESSWAVFILE\PROCESSWAVFILE\DEBUG\PROCESSWAVFILE.EXE.EMBED.MANIFEST.RES
D:\STUDENTI\RA152-2015\PROJEKAT\PROCESSWAVFILE\PROCESSWAVFILE\DEBUG\PROCESSWAVFILE.EXE.INTERMEDIATE.MANIFEST
D:\STUDENTI\RA152-2015\PROJEKAT\PROCESSWAVFILE\PROCESSWAVFILE\DEBUG\TREMOLO1.OBJ
D:\STUDENTI\RA152-2015\PROJEKAT\PROCESSWAVFILE\PROCESSWAVFILE\DEBUG\VC100.PDB
D:\STUDENTI\RA152-2015\PROJEKAT\PROCESSWAVFILE\PROCESSWAVFILE\DEBUG\WAVHEADER.OBJ
