d:\ra152-2015\aadsp2\projekat\zadatak\zadatak_model2\zadatak_model2\debug\fixed_point_math.obj
d:\ra152-2015\aadsp2\projekat\zadatak\zadatak_model2\zadatak_model2\debug\main.obj
d:\ra152-2015\aadsp2\projekat\zadatak\zadatak_model2\zadatak_model2\debug\processing.obj
d:\ra152-2015\aadsp2\projekat\zadatak\zadatak_model2\zadatak_model2\debug\stdfix_emu.obj
d:\ra152-2015\aadsp2\projekat\zadatak\zadatak_model2\zadatak_model2\debug\tremolo1.obj
d:\ra152-2015\aadsp2\projekat\zadatak\zadatak_model2\zadatak_model2\debug\wavheader.obj
d:\ra152-2015\aadsp2\projekat\zadatak\zadatak_model2\zadatak_model2\debug\vc100.pdb
d:\ra152-2015\aadsp2\projekat\zadatak\zadatak_model2\debug\zadatak_model2.ilk
d:\ra152-2015\aadsp2\projekat\zadatak\zadatak_model2\debug\zadatak_model2.exe
d:\ra152-2015\aadsp2\projekat\zadatak\zadatak_model2\zadatak_model2\debug\zadatak_model2.exe.intermediate.manifest
d:\ra152-2015\aadsp2\projekat\zadatak\zadatak_model2\debug\zadatak_model2.pdb
d:\ra152-2015\aadsp2\projekat\zadatak\zadatak_model2\zadatak_model2\debug\zadatak_model2.exe.embed.manifest
d:\ra152-2015\aadsp2\projekat\zadatak\zadatak_model2\zadatak_model2\debug\zadatak_model2.exe.embed.manifest.res
c:\users\dexter\desktop\coding\aadsp2\aadsp2\projekat\zadatak\zadatak_model2\zadatak_model2\debug\vc140.pdb
c:\users\dexter\desktop\coding\aadsp2\aadsp2\projekat\zadatak\zadatak_model2\zadatak_model2\debug\vc140.idb
c:\users\dexter\desktop\coding\aadsp2\aadsp2\projekat\zadatak\zadatak_model2\zadatak_model2\debug\fixed_point_math.obj
c:\users\dexter\desktop\coding\aadsp2\aadsp2\projekat\zadatak\zadatak_model2\zadatak_model2\debug\main.obj
c:\users\dexter\desktop\coding\aadsp2\aadsp2\projekat\zadatak\zadatak_model2\zadatak_model2\debug\processing.obj
c:\users\dexter\desktop\coding\aadsp2\aadsp2\projekat\zadatak\zadatak_model2\zadatak_model2\debug\stdfix_emu.obj
c:\users\dexter\desktop\coding\aadsp2\aadsp2\projekat\zadatak\zadatak_model2\zadatak_model2\debug\tremolo1.obj
c:\users\dexter\desktop\coding\aadsp2\aadsp2\projekat\zadatak\zadatak_model2\zadatak_model2\debug\wavheader.obj
c:\users\dexter\desktop\coding\aadsp2\aadsp2\projekat\zadatak\zadatak_model2\zadatak_model2\debug\zadatak_model2.vcxprojresolveassemblyreference.cache
c:\users\dexter\desktop\coding\aadsp2\aadsp2\projekat\zadatak\zadatak_model2\zadatak_model2\debug\cl.command.1.tlog
c:\users\dexter\desktop\coding\aadsp2\aadsp2\projekat\zadatak\zadatak_model2\zadatak_model2\debug\cl.read.1.tlog
c:\users\dexter\desktop\coding\aadsp2\aadsp2\projekat\zadatak\zadatak_model2\zadatak_model2\debug\cl.write.1.tlog
c:\users\dexter\desktop\coding\aadsp2\aadsp2\projekat\zadatak\zadatak_model2\zadatak_model2\debug\link-cvtres.read.1.tlog
c:\users\dexter\desktop\coding\aadsp2\aadsp2\projekat\zadatak\zadatak_model2\zadatak_model2\debug\link-cvtres.write.1.tlog
c:\users\dexter\desktop\coding\aadsp2\aadsp2\projekat\zadatak\zadatak_model2\zadatak_model2\debug\link.2136-cvtres.read.1.tlog
c:\users\dexter\desktop\coding\aadsp2\aadsp2\projekat\zadatak\zadatak_model2\zadatak_model2\debug\link.2136-cvtres.write.1.tlog
c:\users\dexter\desktop\coding\aadsp2\aadsp2\projekat\zadatak\zadatak_model2\zadatak_model2\debug\link.2136.read.1.tlog
c:\users\dexter\desktop\coding\aadsp2\aadsp2\projekat\zadatak\zadatak_model2\zadatak_model2\debug\link.2136.write.1.tlog
c:\users\dexter\desktop\coding\aadsp2\aadsp2\projekat\zadatak\zadatak_model2\zadatak_model2\debug\link.command.1.tlog
c:\users\dexter\desktop\coding\aadsp2\aadsp2\projekat\zadatak\zadatak_model2\zadatak_model2\debug\link.read.1.tlog
c:\users\dexter\desktop\coding\aadsp2\aadsp2\projekat\zadatak\zadatak_model2\zadatak_model2\debug\link.write.1.tlog
c:\users\dexter\desktop\coding\aadsp2\aadsp2\projekat\zadatak\zadatak_model2\zadatak_model2\debug\mt.command.1.tlog
c:\users\dexter\desktop\coding\aadsp2\aadsp2\projekat\zadatak\zadatak_model2\zadatak_model2\debug\mt.read.1.tlog
c:\users\dexter\desktop\coding\aadsp2\aadsp2\projekat\zadatak\zadatak_model2\zadatak_model2\debug\mt.write.1.tlog
c:\users\dexter\desktop\coding\aadsp2\aadsp2\projekat\zadatak\zadatak_model2\zadatak_model2\debug\rc.command.1.tlog
c:\users\dexter\desktop\coding\aadsp2\aadsp2\projekat\zadatak\zadatak_model2\zadatak_model2\debug\rc.read.1.tlog
c:\users\dexter\desktop\coding\aadsp2\aadsp2\projekat\zadatak\zadatak_model2\zadatak_model2\debug\rc.write.1.tlog
c:\users\dexter\desktop\coding\aadsp2\aadsp2\projekat\zadatak\zadatak_model2\zadatak_model2\debug\zadatak_model2.write.1.tlog
c:\users\dexter\desktop\coding\aadsp2\aadsp2\projekat\zadatak\zadatak_model2\zadatak_model2\debug\zadatak_model2.exe.embed.manifest
c:\users\dexter\desktop\coding\aadsp2\aadsp2\projekat\zadatak\zadatak_model2\zadatak_model2\debug\zadatak_model2.exe.intermediate.manifest
c:\users\dexter\desktop\coding\aadsp2\aadsp2\projekat\zadatak\zadatak_model2\zadatak_model2\debug\zadatak_model2.exe.embed.manifest.res
c:\users\dexter\desktop\coding\aadsp2\aadsp2\projekat\zadatak\zadatak_model2\zadatak_model2\debug\vc100.idb
c:\users\dexter\desktop\coding\aadsp2\aadsp2\projekat\zadatak\zadatak_model2\zadatak_model2\debug\vc100.pdb
c:\users\dexter\desktop\coding\aadsp2\aadsp2\projekat\zadatak\zadatak_model2\zadatak_model2\debug\zadatak_model2_manifest.rc
c:\users\dexter\desktop\coding\aadsp2\aadsp2\projekat\zadatak\zadatak_model2\debug\zadatak_model2.pdb
c:\users\dexter\desktop\coding\aadsp2\aadsp2\projekat\zadatak\zadatak_model2\zadatak_model2\debug\zadatak_model2.tlog\cl.command.1.tlog
c:\users\dexter\desktop\coding\aadsp2\aadsp2\projekat\zadatak\zadatak_model2\zadatak_model2\debug\zadatak_model2.tlog\cl.read.1.tlog
c:\users\dexter\desktop\coding\aadsp2\aadsp2\projekat\zadatak\zadatak_model2\zadatak_model2\debug\zadatak_model2.tlog\cl.write.1.tlog
c:\users\dexter\desktop\coding\aadsp2\aadsp2\projekat\zadatak\zadatak_model2\zadatak_model2\debug\zadatak_model2.tlog\link-cvtres.read.1.tlog
c:\users\dexter\desktop\coding\aadsp2\aadsp2\projekat\zadatak\zadatak_model2\zadatak_model2\debug\zadatak_model2.tlog\link-cvtres.write.1.tlog
c:\users\dexter\desktop\coding\aadsp2\aadsp2\projekat\zadatak\zadatak_model2\zadatak_model2\debug\zadatak_model2.tlog\link-rc.read.1.tlog
c:\users\dexter\desktop\coding\aadsp2\aadsp2\projekat\zadatak\zadatak_model2\zadatak_model2\debug\zadatak_model2.tlog\link-rc.write.1.tlog
c:\users\dexter\desktop\coding\aadsp2\aadsp2\projekat\zadatak\zadatak_model2\zadatak_model2\debug\zadatak_model2.tlog\link.command.1.tlog
c:\users\dexter\desktop\coding\aadsp2\aadsp2\projekat\zadatak\zadatak_model2\zadatak_model2\debug\zadatak_model2.tlog\link.read.1.tlog
c:\users\dexter\desktop\coding\aadsp2\aadsp2\projekat\zadatak\zadatak_model2\zadatak_model2\debug\zadatak_model2.tlog\link.write.1.tlog
