  WAVheader.cpp
c:\users\dexter\desktop\coding\aadsp2\aadsp2\projekat\zadatak\zadatak_model2\zadatak_model2\wavheader.cpp(84): warning C4996: 'fopen': This function or variable may be unsafe. Consider using fopen_s instead. To disable deprecation, use _CRT_SECURE_NO_WARNINGS. See online help for details.
  c:\program files (x86)\windows kits\10\include\10.0.10240.0\ucrt\stdio.h(205): note: see declaration of 'fopen'
  tremolo1.cpp
  stdfix_emu.cpp
c:\users\dexter\desktop\coding\aadsp2\aadsp2\projekat\zadatak\zadatak_model2\zadatak_model2\stdfix_emu.cpp(56): warning C4309: 'argument': truncation of constant value
c:\users\dexter\desktop\coding\aadsp2\aadsp2\projekat\zadatak\zadatak_model2\zadatak_model2\stdfix_emu.cpp(310): warning C4309: 'argument': truncation of constant value
c:\users\dexter\desktop\coding\aadsp2\aadsp2\projekat\zadatak\zadatak_model2\zadatak_model2\stdfix_emu.cpp(518): warning C4244: '=': conversion from 'unsigned long' to 'char', possible loss of data
  processing.cpp
  main.cpp
c:\users\dexter\desktop\coding\aadsp2\aadsp2\projekat\zadatak\zadatak_model2\zadatak_model2\main.cpp(30): warning C4996: 'strcpy': This function or variable may be unsafe. Consider using strcpy_s instead. To disable deprecation, use _CRT_SECURE_NO_WARNINGS. See online help for details.
  c:\program files (x86)\windows kits\10\include\10.0.10240.0\ucrt\string.h(119): note: see declaration of 'strcpy'
c:\users\dexter\desktop\coding\aadsp2\aadsp2\projekat\zadatak\zadatak_model2\zadatak_model2\main.cpp(32): warning C4996: 'strcpy': This function or variable may be unsafe. Consider using strcpy_s instead. To disable deprecation, use _CRT_SECURE_NO_WARNINGS. See online help for details.
  c:\program files (x86)\windows kits\10\include\10.0.10240.0\ucrt\string.h(119): note: see declaration of 'strcpy'
  fixed_point_math.cpp
c:\users\dexter\desktop\coding\aadsp2\aadsp2\projekat\zadatak\zadatak_model2\zadatak_model2\fixed_point_math.cpp(455): warning C4309: '=': truncation of constant value
c:\users\dexter\desktop\coding\aadsp2\aadsp2\projekat\zadatak\zadatak_model2\zadatak_model2\fixed_point_math.cpp(517): warning C4244: '=': conversion from 'unsigned long' to 'coyote_math::accumulator::guard_t', possible loss of data
c:\users\dexter\desktop\coding\aadsp2\aadsp2\projekat\zadatak\zadatak_model2\zadatak_model2\fixed_point_math.cpp(527): warning C4309: '=': truncation of constant value
c:\users\dexter\desktop\coding\aadsp2\aadsp2\projekat\zadatak\zadatak_model2\zadatak_model2\fixed_point_math.cpp(557): warning C4309: '=': truncation of constant value
  Generating Code...
  Zadatak_model2.vcxproj -> C:\Users\Dexter\Desktop\Coding\aadsp2\aadsp2\Projekat\ZADATAK\Zadatak_model2\Debug\Zadatak_model2.exe
