============= BUILDING STARTED ============
  Project: multitapEcho_model3
===========================================
Assembling .a and .s files...
   [delete] Deleting: D:\nastava\aadsp2\2017-2018\Vezbe\echoOpt\resenje\multitapEcho\multitapEcho_model3\output\standalone\src\multitapEcho.O
D:/nastava/aadsp2/2017-2018/Vezbe/echoOpt/resenje/multitapEcho/multitapEcho_model3/src/multitapEcho.a
C:/CirrusDSP/bin/casm D:/nastava/aadsp2/2017-2018/Vezbe/echoOpt/resenje/multitapEcho/multitapEcho_model3/src/multitapEcho.a
 --debug
 -c
 -s
 -e
 --cdl
 -D_TOOLS_VERSION_=0x0701
 -D_SLOT_=0
 -D_OVLY_=standalone
 -D_OVLY_REVISION_=020000
 -D_VERSION_=00
 -D_DSP_=a
 -D_COMMON_INC_PATH_=C:/CirrusDSP/crystal32/common/inc/
 -D_TARGET_FAMILY_=crystal32
 -D_MUI_VERSION_=020000
 -IC:/CirrusDSP/include/
 -IC:/CirrusDSP/include/dsplib/
 -ID:/nastava/aadsp2/2017-2018/Vezbe/echoOpt/resenje/multitapEcho/multitapEcho_model3/inc/
 -lD:/nastava/aadsp2/2017-2018/Vezbe/echoOpt/resenje/multitapEcho/multitapEcho_model3/output/standalone/src/multitapEcho.lst
 -oD:/nastava/aadsp2/2017-2018/Vezbe/echoOpt/resenje/multitapEcho/multitapEcho_model3/output/standalone/src/multitapEcho.O
 -iC:/CirrusDSP/crystal32/common/inc/base.h
 -D_LOCAL_SRC_PATH_=src/
 -D_LOCAL_INC_PATH_=inc/
 -D_ROUTER_INC_PATH_=rom_inc/
Linking files...
C:/CirrusDSP/bin/clink
 -oD:/nastava/aadsp2/2017-2018/Vezbe/echoOpt/resenje/multitapEcho/multitapEcho_model3/output/standalone/multitapEcho_model3.img
 -fC:/CirrusDSP/crystal32/memory_maps/v00.mem.xml
 --output_type=RAM
 --overlay_type=standalone
 -lC:/CirrusDSP/lib/
 -lC:/CirrusDSP/lib/dsplib
 -lC:/CirrusDSP/lib/dsplib/crystal32/
D:/nastava/aadsp2/2017-2018/Vezbe/echoOpt/resenje/multitapEcho/multitapEcho_model3/output/standalone/src/main.O
D:/nastava/aadsp2/2017-2018/Vezbe/echoOpt/resenje/multitapEcho/multitapEcho_model3/output/standalone/src/multitapEcho.O
     [exec] Warning #507: Unknown class: Y_OS_CC_GLOBALS
     [exec]             for the segment: CC_HEAPSTEAL_VALUES
     [exec]             from the module: C:\CirrusDSP\lib\dsplib\crystal32\cl_heapsteal.O
     [exec] 
     [exec] List of linked library's modules:
     [exec] C:\CirrusDSP\lib\crt0.o
     [exec] C:\CirrusDSP\lib\div.o
     [exec] C:\CirrusDSP\lib\exit.o
     [exec] C:\CirrusDSP\lib\simulator_stack.o
     [exec] C:\CirrusDSP\lib\strcpy_x2x.o
     [exec] C:\CirrusDSP\lib\udiv.o
     [exec] C:\CirrusDSP\lib\dsplib\crystal32\cl_wavread_bits_per_sample.o
     [exec] C:\CirrusDSP\lib\dsplib\crystal32\cl_wavread_close.o
     [exec] C:\CirrusDSP\lib\dsplib\crystal32\cl_wavread_frame_rate.o
     [exec] C:\CirrusDSP\lib\dsplib\crystal32\cl_wavread_getnchannels.o
     [exec] C:\CirrusDSP\lib\dsplib\crystal32\cl_wavread_number_of_frames.o
     [exec] C:\Cir
     [exec] rusDSP\lib\dsplib\crystal32\cl_wavread_open.o
     [exec] C:\CirrusDSP\lib\dsplib\crystal32\cl_wavread_recvsample.o
     [exec] C:\CirrusDSP\lib\dsplib\crystal32\cl_wavwrite_close.o
     [exec] C:\CirrusDSP\lib\dsplib\crystal32\cl_wavwrite_open.o
     [exec] C:\CirrusDSP\lib\dsplib\crystal32\cl_wavwrite_sendsample.o
     [exec] C:\CirrusDSP\lib\dsplib\crystal32\printf.o
Creating .uld file...
C:/CirrusDSP/bin/lnkuld
 -ja
 D:/nastava/aadsp2/2017-2018/Vezbe/echoOpt/resenje/multitapEcho/multitapEcho_model3/output/standalone/multitapEcho_model3.img
 D:/nastava/aadsp2/2017-2018/Vezbe/echoOpt/resenje/multitapEcho/multitapEcho_model3/output/standalone/multitapEcho_model3.uld
     [exec] 
     [exec] Reading file: D:/nastava/aadsp2/2017-2018/Vezbe/echoOpt/resenje/multitapEcho/multitapEcho_model3/output/standalone/multitapEcho_model3.img ...
     [exec] 	Processed 665 line(s).
     [exec] 
     [exec] Writing output to file: D:/nastava/aadsp2/2017-2018/Vezbe/echoOpt/resenje/multitapE
     [exec] cho/multitapEcho_model3/output/standalone/multitapEcho_model3.uld ...
     [exec] 
     [exec] Done!
     [exec] 
     [exec] Writing output to file: D:/nastava/aadsp2/2017-2018/Vezbe/echoOpt/resenje/multitapEcho/multitapEcho_model3/output/standalone/multitapEcho_model3.uldb ...
     [exec] 
     [exec] Done!
     [exec] 
     [exec] Writing output to file: D:/nastava/aadsp2/2017-2018/Vezbe/echoOpt/resenje/multitapEcho/multitapEcho_model3/output/standalone/multitapEcho_model3.uldc ...

BUILD SUCCESSFUL
Total time: 1 second
